<?xml version="1.0" encoding="UTF-8"?>
<!-- Generated by org.testng.reporters.JUnitXMLReporter -->
<testsuite ignored="0" hostname="DESKTOP-1HDH91R" failures="0" tests="8" name="Default test" time="60.231" errors="0" timestamp="2022-08-05T11:37:26 IST">
  <testcase classname="com.sgtesting.softassertions.CustomerScenarios" name="LaunchBrowser" time="10.397"/>
  <testcase classname="com.sgtesting.softassertions.CustomerScenarios" name="navigate" time="8.761"/>
  <testcase classname="com.sgtesting.softassertions.CustomerScenarios" name="login" time="20.877"/>
  <testcase classname="com.sgtesting.softassertions.CustomerScenarios" name="minimizeFlyOutWindow" time="5.277"/>
  <testcase classname="com.sgtesting.softassertions.CustomerScenarios" name="createUser" time="11.695"/>
  <testcase classname="com.sgtesting.softassertions.CustomerScenarios" name="delete" time="1.27"/>
  <testcase classname="com.sgtesting.softassertions.CustomerScenarios" name="logout" time="1.302"/>
  <testcase classname="com.sgtesting.softassertions.CustomerScenarios" name="closeApplication" time="0.423"/>
</testsuite> <!-- Default test -->
