<?xml version="1.0" encoding="UTF-8"?>
<testng-results ignored="0" total="8" passed="8" failed="0" skipped="0">
  <reporter-output>
  </reporter-output>
  <suite started-at="2022-08-05T11:36:26 IST" name="Default suite" finished-at="2022-08-05T11:37:26 IST" duration-ms="60231">
    <groups>
    </groups>
    <test started-at="2022-08-05T11:36:26 IST" name="Default test" finished-at="2022-08-05T11:37:26 IST" duration-ms="60231">
      <class name="com.sgtesting.softassertions.CustomerScenarios">
        <test-method signature="LaunchBrowser()[pri:1, instance:com.sgtesting.softassertions.CustomerScenarios@28f3b248]" started-at="2022-08-05T11:36:26 IST" name="LaunchBrowser" finished-at="2022-08-05T11:36:36 IST" duration-ms="10397" status="PASS">
          <reporter-output>
          </reporter-output>
        </test-method> <!-- LaunchBrowser -->
        <test-method signature="navigate()[pri:2, instance:com.sgtesting.softassertions.CustomerScenarios@28f3b248]" started-at="2022-08-05T11:36:36 IST" name="navigate" finished-at="2022-08-05T11:36:45 IST" duration-ms="8761" status="PASS">
          <reporter-output>
          </reporter-output>
        </test-method> <!-- navigate -->
        <test-method signature="login()[pri:3, instance:com.sgtesting.softassertions.CustomerScenarios@28f3b248]" started-at="2022-08-05T11:36:45 IST" name="login" finished-at="2022-08-05T11:37:06 IST" duration-ms="20877" status="PASS">
          <reporter-output>
          </reporter-output>
        </test-method> <!-- login -->
        <test-method signature="minimizeFlyOutWindow()[pri:4, instance:com.sgtesting.softassertions.CustomerScenarios@28f3b248]" started-at="2022-08-05T11:37:06 IST" name="minimizeFlyOutWindow" finished-at="2022-08-05T11:37:11 IST" duration-ms="5277" status="PASS">
          <reporter-output>
          </reporter-output>
        </test-method> <!-- minimizeFlyOutWindow -->
        <test-method signature="createUser()[pri:5, instance:com.sgtesting.softassertions.CustomerScenarios@28f3b248]" started-at="2022-08-05T11:37:11 IST" name="createUser" finished-at="2022-08-05T11:37:23 IST" duration-ms="11695" status="PASS">
          <reporter-output>
          </reporter-output>
        </test-method> <!-- createUser -->
        <test-method signature="delete()[pri:6, instance:com.sgtesting.softassertions.CustomerScenarios@28f3b248]" started-at="2022-08-05T11:37:23 IST" name="delete" finished-at="2022-08-05T11:37:24 IST" duration-ms="1270" status="PASS">
          <reporter-output>
          </reporter-output>
        </test-method> <!-- delete -->
        <test-method signature="logout()[pri:7, instance:com.sgtesting.softassertions.CustomerScenarios@28f3b248]" started-at="2022-08-05T11:37:24 IST" name="logout" finished-at="2022-08-05T11:37:26 IST" duration-ms="1302" status="PASS">
          <reporter-output>
          </reporter-output>
        </test-method> <!-- logout -->
        <test-method signature="closeApplication()[pri:8, instance:com.sgtesting.softassertions.CustomerScenarios@28f3b248]" started-at="2022-08-05T11:37:26 IST" name="closeApplication" finished-at="2022-08-05T11:37:26 IST" duration-ms="423" status="PASS">
          <reporter-output>
          </reporter-output>
        </test-method> <!-- closeApplication -->
      </class> <!-- com.sgtesting.softassertions.CustomerScenarios -->
    </test> <!-- Default test -->
  </suite> <!-- Default suite -->
</testng-results>
